2025-03-31T11:59:51.716Z - GET /
2025-03-31T12:01:53.485Z - GET /
2025-03-31T12:06:11.786Z - GET /
2025-03-31T12:06:44.923Z - POST /auth/register
2025-03-31T12:06:49.683Z - GET /
2025-03-31T12:06:53.240Z - GET /
2025-03-31T12:06:53.459Z - GET /
2025-03-31T12:08:30.781Z - POST /auth/register?username=heet&password=1234&role=student
2025-03-31T12:08:37.864Z - GET /
2025-03-31T12:08:38.166Z - GET /
2025-03-31T12:08:38.327Z - GET /
2025-03-31T12:08:38.502Z - GET /
2025-03-31T12:08:38.677Z - GET /
2025-03-31T12:08:38.843Z - GET /
2025-03-31T12:09:17.630Z - POST /auth/login
2025-03-31T12:09:28.249Z - POST /orders
2025-03-31T12:09:45.648Z - GET /orders
2025-03-31T16:04:10.046Z - GET /
2025-03-31T16:04:10.153Z - GET /favicon.ico
2025-03-31T16:04:12.597Z - GET /
2025-03-31T16:05:21.348Z - POST /users?username=heet&pass=1234&role=student
